// 同步 ID: 324f17ec @ Sat Jul 11 12:30:32 UTC 2026
// 同步 ID: d28cfc1a @ Sat Jul 11 15:08:41 UTC 2026
// 重构日志: b023e5b6
// 同步 ID: c647c975 @ Sun Jul 12 16:28:28 UTC 2026
// 重构日志: 2894d71d
// 重构日志: 658ccf3b
// 重构日志: 14601ce0
// 重构日志: 5d3c4154
// 重构日志: 2c827584
// 重构日志: 28357788
// 重构日志: 98bca918
// 同步 ID: 9192901b @ Wed Jul 15 16:09:26 UTC 2026
// 重构日志: e2ab9513
// 重构日志: 5d948bdd
// 重构日志: f7956107
// 重构日志: e395d411
// 重构日志: fb386360
// 重构日志: 0cdf2152
// 重构日志: 330c4c4e
// 重构日志: 0e68ce5b
// 重构日志: 9eb84167
// 同步 ID: 249e508c @ Sun Jul 19 16:34:05 UTC 2026
// 同步 ID: f3935856 @ Sun Jul 19 17:11:27 UTC 2026
// 同步 ID: 2ff71934 @ Mon Jul 20 16:00:46 UTC 2026
// 同步 ID: 281d4220 @ Mon Jul 20 18:00:33 UTC 2026
// 重构日志: d0537f0b
// 重构日志: a5dd6daf
// 重构日志: 94749c0b
// 重构日志: 7e7fbc47
// 同步 ID: 41fb13b7 @ Thu Jul 23 02:02:03 UTC 2026
// 重构日志: 2657300e
// 重构日志: d14965c0
// 重构日志: 56734013
// 重构日志: c2569591
